
> freedevtools-ai@0.1.0 lint
> eslint


/Users/mudasirahanger/Desktop/freedevtoolsai/public/sw.js
  1:339    warning  Expected an assignment or function call and instead saw an expression  @typescript-eslint/no-unused-expressions
  1:866    warning  Expected an assignment or function call and instead saw an expression  @typescript-eslint/no-unused-expressions
  1:1626   warning  Expected an assignment or function call and instead saw an expression  @typescript-eslint/no-unused-expressions
  1:1702   warning  Expected an assignment or function call and instead saw an expression  @typescript-eslint/no-unused-expressions
  1:1729   warning  Expected an assignment or function call and instead saw an expression  @typescript-eslint/no-unused-expressions
  1:1745   warning  Expected an assignment or function call and instead saw an expression  @typescript-eslint/no-unused-expressions
  1:2224   warning  Expected an assignment or function call and instead saw an expression  @typescript-eslint/no-unused-expressions
  1:2334   warning  Expected an assignment or function call and instead saw an expression  @typescript-eslint/no-unused-expressions
  1:2350   warning  Expected an assignment or function call and instead saw an expression  @typescript-eslint/no-unused-expressions
  1:2411   warning  Expected an assignment or function call and instead saw an expression  @typescript-eslint/no-unused-expressions
  1:2963   warning  Expected an assignment or function call and instead saw an expression  @typescript-eslint/no-unused-expressions
  1:3938   error    Unexpected aliasing of 'this' to local variable                        @typescript-eslint/no-this-alias
  1:4064   warning  Expected an assignment or function call and instead saw an expression  @typescript-eslint/no-unused-expressions
  1:4646   warning  Expected an assignment or function call and instead saw an expression  @typescript-eslint/no-unused-expressions
  1:4891   warning  Expected an assignment or function call and instead saw an expression  @typescript-eslint/no-unused-expressions
  1:5753   warning  Expected an assignment or function call and instead saw an expression  @typescript-eslint/no-unused-expressions
  1:5947   warning  Expected an assignment or function call and instead saw an expression  @typescript-eslint/no-unused-expressions
  1:6004   warning  Expected an assignment or function call and instead saw an expression  @typescript-eslint/no-unused-expressions
  1:6142   warning  Expected an assignment or function call and instead saw an expression  @typescript-eslint/no-unused-expressions
  1:7032   warning  Expected an assignment or function call and instead saw an expression  @typescript-eslint/no-unused-expressions
  1:7090   warning  Expected an assignment or function call and instead saw an expression  @typescript-eslint/no-unused-expressions
  1:7827   warning  Expected an assignment or function call and instead saw an expression  @typescript-eslint/no-unused-expressions
  1:8380   warning  Expected an assignment or function call and instead saw an expression  @typescript-eslint/no-unused-expressions
  1:8786   warning  Expected an assignment or function call and instead saw an expression  @typescript-eslint/no-unused-expressions
  1:9449   warning  'e' is defined but never used                                          @typescript-eslint/no-unused-vars
  1:9473   warning  Expected an assignment or function call and instead saw an expression  @typescript-eslint/no-unused-expressions
  1:9722   warning  Expected an assignment or function call and instead saw an expression  @typescript-eslint/no-unused-expressions
  1:13459  warning  'e' is defined but never used                                          @typescript-eslint/no-unused-vars
  1:13774  warning  Expected an assignment or function call and instead saw an expression  @typescript-eslint/no-unused-expressions
  1:13954  warning  Expected an assignment or function call and instead saw an expression  @typescript-eslint/no-unused-expressions
  1:14757  warning  Expected an assignment or function call and instead saw an expression  @typescript-eslint/no-unused-expressions
  1:14861  warning  Expected an assignment or function call and instead saw an expression  @typescript-eslint/no-unused-expressions
  1:15056  warning  Expected an assignment or function call and instead saw an expression  @typescript-eslint/no-unused-expressions
  1:15330  warning  Expected an assignment or function call and instead saw an expression  @typescript-eslint/no-unused-expressions
  1:15597  warning  't' is defined but never used                                          @typescript-eslint/no-unused-vars
  1:15791  warning  'a' is defined but never used                                          @typescript-eslint/no-unused-vars
  1:15856  warning  Expected an assignment or function call and instead saw an expression  @typescript-eslint/no-unused-expressions
  1:16007  warning  Expected an assignment or function call and instead saw an expression  @typescript-eslint/no-unused-expressions
  1:16335  warning  Expected an assignment or function call and instead saw an expression  @typescript-eslint/no-unused-expressions
  1:16542  warning  Expected an assignment or function call and instead saw an expression  @typescript-eslint/no-unused-expressions
  1:16907  warning  Expected an assignment or function call and instead saw an expression  @typescript-eslint/no-unused-expressions
  1:17371  warning  Expected an assignment or function call and instead saw an expression  @typescript-eslint/no-unused-expressions
  1:17935  warning  Expected an assignment or function call and instead saw an expression  @typescript-eslint/no-unused-expressions
  1:18053  warning  Expected an assignment or function call and instead saw an expression  @typescript-eslint/no-unused-expressions
  1:18249  warning  Expected an assignment or function call and instead saw an expression  @typescript-eslint/no-unused-expressions
  1:19203  warning  Expected an assignment or function call and instead saw an expression  @typescript-eslint/no-unused-expressions
  1:19407  warning  Expected an assignment or function call and instead saw an expression  @typescript-eslint/no-unused-expressions
  1:19784  warning  Expected an assignment or function call and instead saw an expression  @typescript-eslint/no-unused-expressions
  1:20122  warning  Expected an assignment or function call and instead saw an expression  @typescript-eslint/no-unused-expressions
  1:20253  warning  Expected an assignment or function call and instead saw an expression  @typescript-eslint/no-unused-expressions
  1:20350  warning  Expected an assignment or function call and instead saw an expression  @typescript-eslint/no-unused-expressions
  1:20620  warning  Expected an assignment or function call and instead saw an expression  @typescript-eslint/no-unused-expressions
  1:20912  warning  Expected an assignment or function call and instead saw an expression  @typescript-eslint/no-unused-expressions
  1:21299  warning  Expected an assignment or function call and instead saw an expression  @typescript-eslint/no-unused-expressions
  1:21760  warning  Expected an assignment or function call and instead saw an expression  @typescript-eslint/no-unused-expressions
  1:22106  warning  Expected an assignment or function call and instead saw an expression  @typescript-eslint/no-unused-expressions
  1:22231  warning  Expected an assignment or function call and instead saw an expression  @typescript-eslint/no-unused-expressions
  1:22819  warning  Expected an assignment or function call and instead saw an expression  @typescript-eslint/no-unused-expressions
  1:23368  warning  Expected an assignment or function call and instead saw an expression  @typescript-eslint/no-unused-expressions
  1:23492  warning  Expected an assignment or function call and instead saw an expression  @typescript-eslint/no-unused-expressions
  1:24102  warning  Expected an assignment or function call and instead saw an expression  @typescript-eslint/no-unused-expressions
  1:24937  warning  Expected an assignment or function call and instead saw an expression  @typescript-eslint/no-unused-expressions
  1:26242  warning  'e' is defined but never used                                          @typescript-eslint/no-unused-vars
  1:26559  warning  Expected an assignment or function call and instead saw an expression  @typescript-eslint/no-unused-expressions
  1:26686  warning  Expected an assignment or function call and instead saw an expression  @typescript-eslint/no-unused-expressions
  1:26904  warning  Expected an assignment or function call and instead saw an expression  @typescript-eslint/no-unused-expressions
  1:27261  warning  Expected an assignment or function call and instead saw an expression  @typescript-eslint/no-unused-expressions
  1:27341  warning  Expected an assignment or function call and instead saw an expression  @typescript-eslint/no-unused-expressions
  1:27471  warning  Expected an assignment or function call and instead saw an expression  @typescript-eslint/no-unused-expressions
  1:27526  warning  Expected an assignment or function call and instead saw an expression  @typescript-eslint/no-unused-expressions
  1:29750  warning  Expected an assignment or function call and instead saw an expression  @typescript-eslint/no-unused-expressions
  1:29855  warning  Expected an assignment or function call and instead saw an expression  @typescript-eslint/no-unused-expressions
  1:30109  warning  'e' is defined but never used                                          @typescript-eslint/no-unused-vars
  1:30517  warning  Expected an assignment or function call and instead saw an expression  @typescript-eslint/no-unused-expressions
  1:30688  warning  Expected an assignment or function call and instead saw an expression  @typescript-eslint/no-unused-expressions
  1:30829  warning  Expected an assignment or function call and instead saw an expression  @typescript-eslint/no-unused-expressions
  1:31079  warning  Expected an assignment or function call and instead saw an expression  @typescript-eslint/no-unused-expressions
  1:31654  warning  Expected an assignment or function call and instead saw an expression  @typescript-eslint/no-unused-expressions
  1:31717  warning  Expected an assignment or function call and instead saw an expression  @typescript-eslint/no-unused-expressions
  2:152    warning  Expected an assignment or function call and instead saw an expression  @typescript-eslint/no-unused-expressions
  2:686    warning  Expected an assignment or function call and instead saw an expression  @typescript-eslint/no-unused-expressions
  2:948    warning  Expected an assignment or function call and instead saw an expression  @typescript-eslint/no-unused-expressions
  2:1103   warning  Expected an assignment or function call and instead saw an expression  @typescript-eslint/no-unused-expressions
  2:1345   warning  Expected an assignment or function call and instead saw an expression  @typescript-eslint/no-unused-expressions
  2:1941   warning  Expected an assignment or function call and instead saw an expression  @typescript-eslint/no-unused-expressions
  2:3558   warning  Expected an assignment or function call and instead saw an expression  @typescript-eslint/no-unused-expressions

✖ 86 problems (1 error, 85 warnings)

